----------------------------------------------------------------
Sun Aug 07 23:19:22 CEST 2016:
Booting Derby version The Apache Software Foundation - Apache Derby - 10.11.1.2 - (1629631): instance a816c00e-0156-66df-daa9-00000268f8d8 
on database directory X:\Programiranje\Java\workspace\Offers_program_ENGLISH\LocalDatabase with class loader sun.misc.Launcher$AppClassLoader@55f96302 
Loaded from file:/X:/Programiranje/Java/workspace/Offers_program_ENGLISH/dist/run382359449/lib/derby.jar
java.vendor=Oracle Corporation
java.runtime.version=1.8.0_77-b03
user.dir=X:\Programiranje\Java\workspace\Offers_program_ENGLISH
os.name=Windows 8.1
os.arch=amd64
os.version=6.3
derby.system.home=null
Database Class Loader started - derby.database.classpath=''
----------------------------------------------------------------
Sun Aug 07 23:19:23 CEST 2016:
Booting Derby version The Apache Software Foundation - Apache Derby - 10.11.1.2 - (1629631): instance 08264012-0156-66df-daa9-00000268f8d8 
on database directory X:\Programiranje\Java\Project Ponuda\Database with class loader sun.misc.Launcher$AppClassLoader@55f96302 
Loaded from file:/X:/Programiranje/Java/workspace/Offers_program_ENGLISH/dist/run382359449/lib/derby.jar
java.vendor=Oracle Corporation
java.runtime.version=1.8.0_77-b03
user.dir=X:\Programiranje\Java\workspace\Offers_program_ENGLISH
os.name=Windows 8.1
os.arch=amd64
os.version=6.3
derby.system.home=null
Database Class Loader started - derby.database.classpath=''
